<?xml version="1.0" encoding="UTF-8"?>
<testsuite xmlns:xsi="http://www.w3.org/2001/XMLSchema-instance" xsi:noNamespaceSchemaLocation="https://maven.apache.org/surefire/maven-surefire-plugin/xsd/surefire-test-report.xsd" version="3.0.2" name="com.oc_p9.gateway_service.controller.AuthControllerTest" time="14.778" tests="3" errors="0" skipped="0" failures="0">
  <properties>
    <property name="java.specification.version" value="17"/>
    <property name="sun.jnu.encoding" value="UTF-8"/>
    <property name="java.class.path" value="/mnt/c/Users/AGOUROU GUSTAVE/Downloads/Open Classroom/P9/medilabo/gateway-service/target/test-classes:/mnt/c/Users/AGOUROU GUSTAVE/Downloads/Open Classroom/P9/medilabo/gateway-service/target/classes:/home/agourou84/.m2/repository/org/springframework/cloud/spring-cloud-starter-gateway-server-webflux/4.3.0/spring-cloud-starter-gateway-server-webflux-4.3.0.jar:/home/agourou84/.m2/repository/org/springframework/cloud/spring-cloud-starter/4.3.0/spring-cloud-starter-4.3.0.jar:/home/agourou84/.m2/repository/org/springframework/cloud/spring-cloud-context/4.3.0/spring-cloud-context-4.3.0.jar:/home/agourou84/.m2/repository/org/springframework/security/spring-security-crypto/6.5.1/spring-security-crypto-6.5.1.jar:/home/agourou84/.m2/repository/org/springframework/cloud/spring-cloud-commons/4.3.0/spring-cloud-commons-4.3.0.jar:/home/agourou84/.m2/repository/org/bouncycastle/bcprov-jdk18on/1.80/bcprov-jdk18on-1.80.jar:/home/agourou84/.m2/repository/org/springframework/cloud/spring-cloud-gateway-server-webflux/4.3.0/spring-cloud-gateway-server-webflux-4.3.0.jar:/home/agourou84/.m2/repository/org/springframework/cloud/spring-cloud-gateway-server/4.3.0/spring-cloud-gateway-server-4.3.0.jar:/home/agourou84/.m2/repository/org/springframework/boot/spring-boot-starter-validation/3.5.3/spring-boot-starter-validation-3.5.3.jar:/home/agourou84/.m2/repository/org/apache/tomcat/embed/tomcat-embed-el/10.1.42/tomcat-embed-el-10.1.42.jar:/home/agourou84/.m2/repository/org/hibernate/validator/hibernate-validator/8.0.2.Final/hibernate-validator-8.0.2.Final.jar:/home/agourou84/.m2/repository/jakarta/validation/jakarta.validation-api/3.0.2/jakarta.validation-api-3.0.2.jar:/home/agourou84/.m2/repository/org/jboss/logging/jboss-logging/3.6.1.Final/jboss-logging-3.6.1.Final.jar:/home/agourou84/.m2/repository/com/fasterxml/classmate/1.7.0/classmate-1.7.0.jar:/home/agourou84/.m2/repository/io/projectreactor/addons/reactor-extra/3.5.2/reactor-extra-3.5.2.jar:/home/agourou84/.m2/repository/org/springframework/boot/spring-boot-properties-migrator/3.5.3/spring-boot-properties-migrator-3.5.3.jar:/home/agourou84/.m2/repository/org/springframework/boot/spring-boot/3.5.3/spring-boot-3.5.3.jar:/home/agourou84/.m2/repository/org/springframework/boot/spring-boot-configuration-metadata/3.5.3/spring-boot-configuration-metadata-3.5.3.jar:/home/agourou84/.m2/repository/org/springframework/boot/spring-boot-starter-webflux/3.5.3/spring-boot-starter-webflux-3.5.3.jar:/home/agourou84/.m2/repository/org/springframework/boot/spring-boot-starter/3.5.3/spring-boot-starter-3.5.3.jar:/home/agourou84/.m2/repository/org/springframework/boot/spring-boot-autoconfigure/3.5.3/spring-boot-autoconfigure-3.5.3.jar:/home/agourou84/.m2/repository/org/springframework/boot/spring-boot-starter-logging/3.5.3/spring-boot-starter-logging-3.5.3.jar:/home/agourou84/.m2/repository/ch/qos/logback/logback-classic/1.5.18/logback-classic-1.5.18.jar:/home/agourou84/.m2/repository/ch/qos/logback/logback-core/1.5.18/logback-core-1.5.18.jar:/home/agourou84/.m2/repository/org/apache/logging/log4j/log4j-to-slf4j/2.24.3/log4j-to-slf4j-2.24.3.jar:/home/agourou84/.m2/repository/org/apache/logging/log4j/log4j-api/2.24.3/log4j-api-2.24.3.jar:/home/agourou84/.m2/repository/org/slf4j/jul-to-slf4j/2.0.17/jul-to-slf4j-2.0.17.jar:/home/agourou84/.m2/repository/jakarta/annotation/jakarta.annotation-api/2.1.1/jakarta.annotation-api-2.1.1.jar:/home/agourou84/.m2/repository/org/yaml/snakeyaml/2.4/snakeyaml-2.4.jar:/home/agourou84/.m2/repository/org/springframework/boot/spring-boot-starter-json/3.5.3/spring-boot-starter-json-3.5.3.jar:/home/agourou84/.m2/repository/com/fasterxml/jackson/datatype/jackson-datatype-jdk8/2.19.1/jackson-datatype-jdk8-2.19.1.jar:/home/agourou84/.m2/repository/com/fasterxml/jackson/datatype/jackson-datatype-jsr310/2.19.1/jackson-datatype-jsr310-2.19.1.jar:/home/agourou84/.m2/repository/com/fasterxml/jackson/module/jackson-module-parameter-names/2.19.1/jackson-module-parameter-names-2.19.1.jar:/home/agourou84/.m2/repository/org/springframework/boot/spring-boot-starter-reactor-netty/3.5.3/spring-boot-starter-reactor-netty-3.5.3.jar:/home/agourou84/.m2/repository/io/projectreactor/netty/reactor-netty-http/1.2.7/reactor-netty-http-1.2.7.jar:/home/agourou84/.m2/repository/io/netty/netty-codec-http/4.1.122.Final/netty-codec-http-4.1.122.Final.jar:/home/agourou84/.m2/repository/io/netty/netty-common/4.1.122.Final/netty-common-4.1.122.Final.jar:/home/agourou84/.m2/repository/io/netty/netty-buffer/4.1.122.Final/netty-buffer-4.1.122.Final.jar:/home/agourou84/.m2/repository/io/netty/netty-transport/4.1.122.Final/netty-transport-4.1.122.Final.jar:/home/agourou84/.m2/repository/io/netty/netty-codec/4.1.122.Final/netty-codec-4.1.122.Final.jar:/home/agourou84/.m2/repository/io/netty/netty-handler/4.1.122.Final/netty-handler-4.1.122.Final.jar:/home/agourou84/.m2/repository/io/netty/netty-codec-http2/4.1.122.Final/netty-codec-http2-4.1.122.Final.jar:/home/agourou84/.m2/repository/io/netty/netty-resolver-dns/4.1.122.Final/netty-resolver-dns-4.1.122.Final.jar:/home/agourou84/.m2/repository/io/netty/netty-resolver/4.1.122.Final/netty-resolver-4.1.122.Final.jar:/home/agourou84/.m2/repository/io/netty/netty-codec-dns/4.1.122.Final/netty-codec-dns-4.1.122.Final.jar:/home/agourou84/.m2/repository/io/netty/netty-resolver-dns-native-macos/4.1.122.Final/netty-resolver-dns-native-macos-4.1.122.Final-osx-x86_64.jar:/home/agourou84/.m2/repository/io/netty/netty-resolver-dns-classes-macos/4.1.122.Final/netty-resolver-dns-classes-macos-4.1.122.Final.jar:/home/agourou84/.m2/repository/io/netty/netty-transport-native-epoll/4.1.122.Final/netty-transport-native-epoll-4.1.122.Final-linux-x86_64.jar:/home/agourou84/.m2/repository/io/netty/netty-transport-native-unix-common/4.1.122.Final/netty-transport-native-unix-common-4.1.122.Final.jar:/home/agourou84/.m2/repository/io/netty/netty-transport-classes-epoll/4.1.122.Final/netty-transport-classes-epoll-4.1.122.Final.jar:/home/agourou84/.m2/repository/io/projectreactor/netty/reactor-netty-core/1.2.7/reactor-netty-core-1.2.7.jar:/home/agourou84/.m2/repository/io/netty/netty-handler-proxy/4.1.122.Final/netty-handler-proxy-4.1.122.Final.jar:/home/agourou84/.m2/repository/io/netty/netty-codec-socks/4.1.122.Final/netty-codec-socks-4.1.122.Final.jar:/home/agourou84/.m2/repository/org/springframework/spring-web/6.2.8/spring-web-6.2.8.jar:/home/agourou84/.m2/repository/org/springframework/spring-beans/6.2.8/spring-beans-6.2.8.jar:/home/agourou84/.m2/repository/org/springframework/spring-webflux/6.2.8/spring-webflux-6.2.8.jar:/home/agourou84/.m2/repository/org/springframework/boot/spring-boot-starter-security/3.5.3/spring-boot-starter-security-3.5.3.jar:/home/agourou84/.m2/repository/org/springframework/spring-aop/6.2.8/spring-aop-6.2.8.jar:/home/agourou84/.m2/repository/org/springframework/security/spring-security-config/6.5.1/spring-security-config-6.5.1.jar:/home/agourou84/.m2/repository/org/springframework/security/spring-security-core/6.5.1/spring-security-core-6.5.1.jar:/home/agourou84/.m2/repository/org/springframework/spring-context/6.2.8/spring-context-6.2.8.jar:/home/agourou84/.m2/repository/org/springframework/security/spring-security-web/6.5.1/spring-security-web-6.5.1.jar:/home/agourou84/.m2/repository/org/springframework/spring-expression/6.2.8/spring-expression-6.2.8.jar:/home/agourou84/.m2/repository/org/springframework/boot/spring-boot-starter-test/3.5.3/spring-boot-starter-test-3.5.3.jar:/home/agourou84/.m2/repository/org/springframework/boot/spring-boot-test/3.5.3/spring-boot-test-3.5.3.jar:/home/agourou84/.m2/repository/org/springframework/boot/spring-boot-test-autoconfigure/3.5.3/spring-boot-test-autoconfigure-3.5.3.jar:/home/agourou84/.m2/repository/com/jayway/jsonpath/json-path/2.9.0/json-path-2.9.0.jar:/home/agourou84/.m2/repository/org/slf4j/slf4j-api/2.0.17/slf4j-api-2.0.17.jar:/home/agourou84/.m2/repository/jakarta/xml/bind/jakarta.xml.bind-api/4.0.2/jakarta.xml.bind-api-4.0.2.jar:/home/agourou84/.m2/repository/jakarta/activation/jakarta.activation-api/2.1.3/jakarta.activation-api-2.1.3.jar:/home/agourou84/.m2/repository/net/minidev/json-smart/2.5.2/json-smart-2.5.2.jar:/home/agourou84/.m2/repository/net/minidev/accessors-smart/2.5.2/accessors-smart-2.5.2.jar:/home/agourou84/.m2/repository/org/ow2/asm/asm/9.7.1/asm-9.7.1.jar:/home/agourou84/.m2/repository/org/assertj/assertj-core/3.27.3/assertj-core-3.27.3.jar:/home/agourou84/.m2/repository/net/bytebuddy/byte-buddy/1.17.6/byte-buddy-1.17.6.jar:/home/agourou84/.m2/repository/org/awaitility/awaitility/4.2.2/awaitility-4.2.2.jar:/home/agourou84/.m2/repository/org/hamcrest/hamcrest/3.0/hamcrest-3.0.jar:/home/agourou84/.m2/repository/org/mockito/mockito-core/5.17.0/mockito-core-5.17.0.jar:/home/agourou84/.m2/repository/net/bytebuddy/byte-buddy-agent/1.17.6/byte-buddy-agent-1.17.6.jar:/home/agourou84/.m2/repository/org/objenesis/objenesis/3.3/objenesis-3.3.jar:/home/agourou84/.m2/repository/org/mockito/mockito-junit-jupiter/5.17.0/mockito-junit-jupiter-5.17.0.jar:/home/agourou84/.m2/repository/org/skyscreamer/jsonassert/1.5.3/jsonassert-1.5.3.jar:/home/agourou84/.m2/repository/com/vaadin/external/google/android-json/0.0.20131108.vaadin1/android-json-0.0.20131108.vaadin1.jar:/home/agourou84/.m2/repository/org/springframework/spring-core/6.2.8/spring-core-6.2.8.jar:/home/agourou84/.m2/repository/org/springframework/spring-jcl/6.2.8/spring-jcl-6.2.8.jar:/home/agourou84/.m2/repository/org/springframework/spring-test/6.2.8/spring-test-6.2.8.jar:/home/agourou84/.m2/repository/org/xmlunit/xmlunit-core/2.10.2/xmlunit-core-2.10.2.jar:/home/agourou84/.m2/repository/io/jsonwebtoken/jjwt-api/0.11.5/jjwt-api-0.11.5.jar:/home/agourou84/.m2/repository/org/junit/jupiter/junit-jupiter/5.12.2/junit-jupiter-5.12.2.jar:/home/agourou84/.m2/repository/org/junit/jupiter/junit-jupiter-api/5.12.2/junit-jupiter-api-5.12.2.jar:/home/agourou84/.m2/repository/org/opentest4j/opentest4j/1.3.0/opentest4j-1.3.0.jar:/home/agourou84/.m2/repository/org/junit/platform/junit-platform-commons/1.12.2/junit-platform-commons-1.12.2.jar:/home/agourou84/.m2/repository/org/apiguardian/apiguardian-api/1.1.2/apiguardian-api-1.1.2.jar:/home/agourou84/.m2/repository/org/junit/jupiter/junit-jupiter-params/5.12.2/junit-jupiter-params-5.12.2.jar:/home/agourou84/.m2/repository/org/junit/jupiter/junit-jupiter-engine/5.12.2/junit-jupiter-engine-5.12.2.jar:/home/agourou84/.m2/repository/org/junit/platform/junit-platform-engine/1.12.2/junit-platform-engine-1.12.2.jar:/home/agourou84/.m2/repository/io/projectreactor/reactor-core/3.8.0-M5/reactor-core-3.8.0-M5.jar:/home/agourou84/.m2/repository/org/reactivestreams/reactive-streams/1.0.4/reactive-streams-1.0.4.jar:/home/agourou84/.m2/repository/io/jsonwebtoken/jjwt-impl/0.11.5/jjwt-impl-0.11.5.jar:/home/agourou84/.m2/repository/io/projectreactor/reactor-test/3.8.0-M5/reactor-test-3.8.0-M5.jar:/home/agourou84/.m2/repository/io/jsonwebtoken/jjwt-jackson/0.11.5/jjwt-jackson-0.11.5.jar:/home/agourou84/.m2/repository/com/fasterxml/jackson/core/jackson-databind/2.19.1/jackson-databind-2.19.1.jar:/home/agourou84/.m2/repository/com/fasterxml/jackson/core/jackson-annotations/2.19.1/jackson-annotations-2.19.1.jar:/home/agourou84/.m2/repository/com/fasterxml/jackson/core/jackson-core/2.19.1/jackson-core-2.19.1.jar:/home/agourou84/.m2/repository/org/springframework/boot/spring-boot-starter-actuator/3.5.3/spring-boot-starter-actuator-3.5.3.jar:/home/agourou84/.m2/repository/org/springframework/boot/spring-boot-actuator-autoconfigure/3.5.3/spring-boot-actuator-autoconfigure-3.5.3.jar:/home/agourou84/.m2/repository/org/springframework/boot/spring-boot-actuator/3.5.3/spring-boot-actuator-3.5.3.jar:/home/agourou84/.m2/repository/io/micrometer/micrometer-observation/1.15.1/micrometer-observation-1.15.1.jar:/home/agourou84/.m2/repository/io/micrometer/micrometer-commons/1.15.1/micrometer-commons-1.15.1.jar:/home/agourou84/.m2/repository/io/micrometer/micrometer-jakarta9/1.15.1/micrometer-jakarta9-1.15.1.jar:/home/agourou84/.m2/repository/io/micrometer/micrometer-core/1.15.1/micrometer-core-1.15.1.jar:/home/agourou84/.m2/repository/org/hdrhistogram/HdrHistogram/2.2.2/HdrHistogram-2.2.2.jar:/home/agourou84/.m2/repository/org/latencyutils/LatencyUtils/2.0.3/LatencyUtils-2.0.3.jar:"/>
    <property name="java.vm.vendor" value="Ubuntu"/>
    <property name="sun.arch.data.model" value="64"/>
    <property name="java.vendor.url" value="https://ubuntu.com/"/>
    <property name="user.timezone" value="Europe/Paris"/>
    <property name="os.name" value="Linux"/>
    <property name="java.vm.specification.version" value="17"/>
    <property name="sun.java.launcher" value="SUN_STANDARD"/>
    <property name="sun.boot.library.path" value="/usr/lib/jvm/java-17-openjdk-amd64/lib"/>
    <property name="sun.java.command" value="/mnt/c/Users/AGOUROU GUSTAVE/Downloads/Open Classroom/P9/medilabo/gateway-service/target/surefire/surefirebooter-20250725150238753_3.jar /mnt/c/Users/AGOUROU GUSTAVE/Downloads/Open Classroom/P9/medilabo/gateway-service/target/surefire 2025-07-25T15-02-38_108-jvmRun1 surefire-20250725150238753_1tmp surefire_0-20250725150238753_2tmp"/>
    <property name="jdk.debug" value="release"/>
    <property name="surefire.test.class.path" value="/mnt/c/Users/AGOUROU GUSTAVE/Downloads/Open Classroom/P9/medilabo/gateway-service/target/test-classes:/mnt/c/Users/AGOUROU GUSTAVE/Downloads/Open Classroom/P9/medilabo/gateway-service/target/classes:/home/agourou84/.m2/repository/org/springframework/cloud/spring-cloud-starter-gateway-server-webflux/4.3.0/spring-cloud-starter-gateway-server-webflux-4.3.0.jar:/home/agourou84/.m2/repository/org/springframework/cloud/spring-cloud-starter/4.3.0/spring-cloud-starter-4.3.0.jar:/home/agourou84/.m2/repository/org/springframework/cloud/spring-cloud-context/4.3.0/spring-cloud-context-4.3.0.jar:/home/agourou84/.m2/repository/org/springframework/security/spring-security-crypto/6.5.1/spring-security-crypto-6.5.1.jar:/home/agourou84/.m2/repository/org/springframework/cloud/spring-cloud-commons/4.3.0/spring-cloud-commons-4.3.0.jar:/home/agourou84/.m2/repository/org/bouncycastle/bcprov-jdk18on/1.80/bcprov-jdk18on-1.80.jar:/home/agourou84/.m2/repository/org/springframework/cloud/spring-cloud-gateway-server-webflux/4.3.0/spring-cloud-gateway-server-webflux-4.3.0.jar:/home/agourou84/.m2/repository/org/springframework/cloud/spring-cloud-gateway-server/4.3.0/spring-cloud-gateway-server-4.3.0.jar:/home/agourou84/.m2/repository/org/springframework/boot/spring-boot-starter-validation/3.5.3/spring-boot-starter-validation-3.5.3.jar:/home/agourou84/.m2/repository/org/apache/tomcat/embed/tomcat-embed-el/10.1.42/tomcat-embed-el-10.1.42.jar:/home/agourou84/.m2/repository/org/hibernate/validator/hibernate-validator/8.0.2.Final/hibernate-validator-8.0.2.Final.jar:/home/agourou84/.m2/repository/jakarta/validation/jakarta.validation-api/3.0.2/jakarta.validation-api-3.0.2.jar:/home/agourou84/.m2/repository/org/jboss/logging/jboss-logging/3.6.1.Final/jboss-logging-3.6.1.Final.jar:/home/agourou84/.m2/repository/com/fasterxml/classmate/1.7.0/classmate-1.7.0.jar:/home/agourou84/.m2/repository/io/projectreactor/addons/reactor-extra/3.5.2/reactor-extra-3.5.2.jar:/home/agourou84/.m2/repository/org/springframework/boot/spring-boot-properties-migrator/3.5.3/spring-boot-properties-migrator-3.5.3.jar:/home/agourou84/.m2/repository/org/springframework/boot/spring-boot/3.5.3/spring-boot-3.5.3.jar:/home/agourou84/.m2/repository/org/springframework/boot/spring-boot-configuration-metadata/3.5.3/spring-boot-configuration-metadata-3.5.3.jar:/home/agourou84/.m2/repository/org/springframework/boot/spring-boot-starter-webflux/3.5.3/spring-boot-starter-webflux-3.5.3.jar:/home/agourou84/.m2/repository/org/springframework/boot/spring-boot-starter/3.5.3/spring-boot-starter-3.5.3.jar:/home/agourou84/.m2/repository/org/springframework/boot/spring-boot-autoconfigure/3.5.3/spring-boot-autoconfigure-3.5.3.jar:/home/agourou84/.m2/repository/org/springframework/boot/spring-boot-starter-logging/3.5.3/spring-boot-starter-logging-3.5.3.jar:/home/agourou84/.m2/repository/ch/qos/logback/logback-classic/1.5.18/logback-classic-1.5.18.jar:/home/agourou84/.m2/repository/ch/qos/logback/logback-core/1.5.18/logback-core-1.5.18.jar:/home/agourou84/.m2/repository/org/apache/logging/log4j/log4j-to-slf4j/2.24.3/log4j-to-slf4j-2.24.3.jar:/home/agourou84/.m2/repository/org/apache/logging/log4j/log4j-api/2.24.3/log4j-api-2.24.3.jar:/home/agourou84/.m2/repository/org/slf4j/jul-to-slf4j/2.0.17/jul-to-slf4j-2.0.17.jar:/home/agourou84/.m2/repository/jakarta/annotation/jakarta.annotation-api/2.1.1/jakarta.annotation-api-2.1.1.jar:/home/agourou84/.m2/repository/org/yaml/snakeyaml/2.4/snakeyaml-2.4.jar:/home/agourou84/.m2/repository/org/springframework/boot/spring-boot-starter-json/3.5.3/spring-boot-starter-json-3.5.3.jar:/home/agourou84/.m2/repository/com/fasterxml/jackson/datatype/jackson-datatype-jdk8/2.19.1/jackson-datatype-jdk8-2.19.1.jar:/home/agourou84/.m2/repository/com/fasterxml/jackson/datatype/jackson-datatype-jsr310/2.19.1/jackson-datatype-jsr310-2.19.1.jar:/home/agourou84/.m2/repository/com/fasterxml/jackson/module/jackson-module-parameter-names/2.19.1/jackson-module-parameter-names-2.19.1.jar:/home/agourou84/.m2/repository/org/springframework/boot/spring-boot-starter-reactor-netty/3.5.3/spring-boot-starter-reactor-netty-3.5.3.jar:/home/agourou84/.m2/repository/io/projectreactor/netty/reactor-netty-http/1.2.7/reactor-netty-http-1.2.7.jar:/home/agourou84/.m2/repository/io/netty/netty-codec-http/4.1.122.Final/netty-codec-http-4.1.122.Final.jar:/home/agourou84/.m2/repository/io/netty/netty-common/4.1.122.Final/netty-common-4.1.122.Final.jar:/home/agourou84/.m2/repository/io/netty/netty-buffer/4.1.122.Final/netty-buffer-4.1.122.Final.jar:/home/agourou84/.m2/repository/io/netty/netty-transport/4.1.122.Final/netty-transport-4.1.122.Final.jar:/home/agourou84/.m2/repository/io/netty/netty-codec/4.1.122.Final/netty-codec-4.1.122.Final.jar:/home/agourou84/.m2/repository/io/netty/netty-handler/4.1.122.Final/netty-handler-4.1.122.Final.jar:/home/agourou84/.m2/repository/io/netty/netty-codec-http2/4.1.122.Final/netty-codec-http2-4.1.122.Final.jar:/home/agourou84/.m2/repository/io/netty/netty-resolver-dns/4.1.122.Final/netty-resolver-dns-4.1.122.Final.jar:/home/agourou84/.m2/repository/io/netty/netty-resolver/4.1.122.Final/netty-resolver-4.1.122.Final.jar:/home/agourou84/.m2/repository/io/netty/netty-codec-dns/4.1.122.Final/netty-codec-dns-4.1.122.Final.jar:/home/agourou84/.m2/repository/io/netty/netty-resolver-dns-native-macos/4.1.122.Final/netty-resolver-dns-native-macos-4.1.122.Final-osx-x86_64.jar:/home/agourou84/.m2/repository/io/netty/netty-resolver-dns-classes-macos/4.1.122.Final/netty-resolver-dns-classes-macos-4.1.122.Final.jar:/home/agourou84/.m2/repository/io/netty/netty-transport-native-epoll/4.1.122.Final/netty-transport-native-epoll-4.1.122.Final-linux-x86_64.jar:/home/agourou84/.m2/repository/io/netty/netty-transport-native-unix-common/4.1.122.Final/netty-transport-native-unix-common-4.1.122.Final.jar:/home/agourou84/.m2/repository/io/netty/netty-transport-classes-epoll/4.1.122.Final/netty-transport-classes-epoll-4.1.122.Final.jar:/home/agourou84/.m2/repository/io/projectreactor/netty/reactor-netty-core/1.2.7/reactor-netty-core-1.2.7.jar:/home/agourou84/.m2/repository/io/netty/netty-handler-proxy/4.1.122.Final/netty-handler-proxy-4.1.122.Final.jar:/home/agourou84/.m2/repository/io/netty/netty-codec-socks/4.1.122.Final/netty-codec-socks-4.1.122.Final.jar:/home/agourou84/.m2/repository/org/springframework/spring-web/6.2.8/spring-web-6.2.8.jar:/home/agourou84/.m2/repository/org/springframework/spring-beans/6.2.8/spring-beans-6.2.8.jar:/home/agourou84/.m2/repository/org/springframework/spring-webflux/6.2.8/spring-webflux-6.2.8.jar:/home/agourou84/.m2/repository/org/springframework/boot/spring-boot-starter-security/3.5.3/spring-boot-starter-security-3.5.3.jar:/home/agourou84/.m2/repository/org/springframework/spring-aop/6.2.8/spring-aop-6.2.8.jar:/home/agourou84/.m2/repository/org/springframework/security/spring-security-config/6.5.1/spring-security-config-6.5.1.jar:/home/agourou84/.m2/repository/org/springframework/security/spring-security-core/6.5.1/spring-security-core-6.5.1.jar:/home/agourou84/.m2/repository/org/springframework/spring-context/6.2.8/spring-context-6.2.8.jar:/home/agourou84/.m2/repository/org/springframework/security/spring-security-web/6.5.1/spring-security-web-6.5.1.jar:/home/agourou84/.m2/repository/org/springframework/spring-expression/6.2.8/spring-expression-6.2.8.jar:/home/agourou84/.m2/repository/org/springframework/boot/spring-boot-starter-test/3.5.3/spring-boot-starter-test-3.5.3.jar:/home/agourou84/.m2/repository/org/springframework/boot/spring-boot-test/3.5.3/spring-boot-test-3.5.3.jar:/home/agourou84/.m2/repository/org/springframework/boot/spring-boot-test-autoconfigure/3.5.3/spring-boot-test-autoconfigure-3.5.3.jar:/home/agourou84/.m2/repository/com/jayway/jsonpath/json-path/2.9.0/json-path-2.9.0.jar:/home/agourou84/.m2/repository/org/slf4j/slf4j-api/2.0.17/slf4j-api-2.0.17.jar:/home/agourou84/.m2/repository/jakarta/xml/bind/jakarta.xml.bind-api/4.0.2/jakarta.xml.bind-api-4.0.2.jar:/home/agourou84/.m2/repository/jakarta/activation/jakarta.activation-api/2.1.3/jakarta.activation-api-2.1.3.jar:/home/agourou84/.m2/repository/net/minidev/json-smart/2.5.2/json-smart-2.5.2.jar:/home/agourou84/.m2/repository/net/minidev/accessors-smart/2.5.2/accessors-smart-2.5.2.jar:/home/agourou84/.m2/repository/org/ow2/asm/asm/9.7.1/asm-9.7.1.jar:/home/agourou84/.m2/repository/org/assertj/assertj-core/3.27.3/assertj-core-3.27.3.jar:/home/agourou84/.m2/repository/net/bytebuddy/byte-buddy/1.17.6/byte-buddy-1.17.6.jar:/home/agourou84/.m2/repository/org/awaitility/awaitility/4.2.2/awaitility-4.2.2.jar:/home/agourou84/.m2/repository/org/hamcrest/hamcrest/3.0/hamcrest-3.0.jar:/home/agourou84/.m2/repository/org/mockito/mockito-core/5.17.0/mockito-core-5.17.0.jar:/home/agourou84/.m2/repository/net/bytebuddy/byte-buddy-agent/1.17.6/byte-buddy-agent-1.17.6.jar:/home/agourou84/.m2/repository/org/objenesis/objenesis/3.3/objenesis-3.3.jar:/home/agourou84/.m2/repository/org/mockito/mockito-junit-jupiter/5.17.0/mockito-junit-jupiter-5.17.0.jar:/home/agourou84/.m2/repository/org/skyscreamer/jsonassert/1.5.3/jsonassert-1.5.3.jar:/home/agourou84/.m2/repository/com/vaadin/external/google/android-json/0.0.20131108.vaadin1/android-json-0.0.20131108.vaadin1.jar:/home/agourou84/.m2/repository/org/springframework/spring-core/6.2.8/spring-core-6.2.8.jar:/home/agourou84/.m2/repository/org/springframework/spring-jcl/6.2.8/spring-jcl-6.2.8.jar:/home/agourou84/.m2/repository/org/springframework/spring-test/6.2.8/spring-test-6.2.8.jar:/home/agourou84/.m2/repository/org/xmlunit/xmlunit-core/2.10.2/xmlunit-core-2.10.2.jar:/home/agourou84/.m2/repository/io/jsonwebtoken/jjwt-api/0.11.5/jjwt-api-0.11.5.jar:/home/agourou84/.m2/repository/org/junit/jupiter/junit-jupiter/5.12.2/junit-jupiter-5.12.2.jar:/home/agourou84/.m2/repository/org/junit/jupiter/junit-jupiter-api/5.12.2/junit-jupiter-api-5.12.2.jar:/home/agourou84/.m2/repository/org/opentest4j/opentest4j/1.3.0/opentest4j-1.3.0.jar:/home/agourou84/.m2/repository/org/junit/platform/junit-platform-commons/1.12.2/junit-platform-commons-1.12.2.jar:/home/agourou84/.m2/repository/org/apiguardian/apiguardian-api/1.1.2/apiguardian-api-1.1.2.jar:/home/agourou84/.m2/repository/org/junit/jupiter/junit-jupiter-params/5.12.2/junit-jupiter-params-5.12.2.jar:/home/agourou84/.m2/repository/org/junit/jupiter/junit-jupiter-engine/5.12.2/junit-jupiter-engine-5.12.2.jar:/home/agourou84/.m2/repository/org/junit/platform/junit-platform-engine/1.12.2/junit-platform-engine-1.12.2.jar:/home/agourou84/.m2/repository/io/projectreactor/reactor-core/3.8.0-M5/reactor-core-3.8.0-M5.jar:/home/agourou84/.m2/repository/org/reactivestreams/reactive-streams/1.0.4/reactive-streams-1.0.4.jar:/home/agourou84/.m2/repository/io/jsonwebtoken/jjwt-impl/0.11.5/jjwt-impl-0.11.5.jar:/home/agourou84/.m2/repository/io/projectreactor/reactor-test/3.8.0-M5/reactor-test-3.8.0-M5.jar:/home/agourou84/.m2/repository/io/jsonwebtoken/jjwt-jackson/0.11.5/jjwt-jackson-0.11.5.jar:/home/agourou84/.m2/repository/com/fasterxml/jackson/core/jackson-databind/2.19.1/jackson-databind-2.19.1.jar:/home/agourou84/.m2/repository/com/fasterxml/jackson/core/jackson-annotations/2.19.1/jackson-annotations-2.19.1.jar:/home/agourou84/.m2/repository/com/fasterxml/jackson/core/jackson-core/2.19.1/jackson-core-2.19.1.jar:/home/agourou84/.m2/repository/org/springframework/boot/spring-boot-starter-actuator/3.5.3/spring-boot-starter-actuator-3.5.3.jar:/home/agourou84/.m2/repository/org/springframework/boot/spring-boot-actuator-autoconfigure/3.5.3/spring-boot-actuator-autoconfigure-3.5.3.jar:/home/agourou84/.m2/repository/org/springframework/boot/spring-boot-actuator/3.5.3/spring-boot-actuator-3.5.3.jar:/home/agourou84/.m2/repository/io/micrometer/micrometer-observation/1.15.1/micrometer-observation-1.15.1.jar:/home/agourou84/.m2/repository/io/micrometer/micrometer-commons/1.15.1/micrometer-commons-1.15.1.jar:/home/agourou84/.m2/repository/io/micrometer/micrometer-jakarta9/1.15.1/micrometer-jakarta9-1.15.1.jar:/home/agourou84/.m2/repository/io/micrometer/micrometer-core/1.15.1/micrometer-core-1.15.1.jar:/home/agourou84/.m2/repository/org/hdrhistogram/HdrHistogram/2.2.2/HdrHistogram-2.2.2.jar:/home/agourou84/.m2/repository/org/latencyutils/LatencyUtils/2.0.3/LatencyUtils-2.0.3.jar:"/>
    <property name="sun.cpu.endian" value="little"/>
    <property name="user.home" value="/home/agourou84"/>
    <property name="user.language" value="en"/>
    <property name="java.specification.vendor" value="Oracle Corporation"/>
    <property name="java.version.date" value="2025-04-15"/>
    <property name="java.home" value="/usr/lib/jvm/java-17-openjdk-amd64"/>
    <property name="file.separator" value="/"/>
    <property name="basedir" value="/mnt/c/Users/AGOUROU GUSTAVE/Downloads/Open Classroom/P9/medilabo/gateway-service"/>
    <property name="java.vm.compressedOopsMode" value="32-bit"/>
    <property name="line.separator" value="&#10;"/>
    <property name="java.vm.specification.vendor" value="Oracle Corporation"/>
    <property name="java.specification.name" value="Java Platform API Specification"/>
    <property name="surefire.real.class.path" value="/mnt/c/Users/AGOUROU GUSTAVE/Downloads/Open Classroom/P9/medilabo/gateway-service/target/surefire/surefirebooter-20250725150238753_3.jar"/>
    <property name="sun.management.compiler" value="HotSpot 64-Bit Tiered Compilers"/>
    <property name="java.runtime.version" value="17.0.15+6-Ubuntu-0ubuntu124.04"/>
    <property name="user.name" value="agourou84"/>
    <property name="path.separator" value=":"/>
    <property name="os.version" value="6.6.87.2-microsoft-standard-WSL2"/>
    <property name="java.runtime.name" value="OpenJDK Runtime Environment"/>
    <property name="file.encoding" value="UTF-8"/>
    <property name="java.vm.name" value="OpenJDK 64-Bit Server VM"/>
    <property name="localRepository" value="/home/agourou84/.m2/repository"/>
    <property name="java.vendor.url.bug" value="https://bugs.launchpad.net/ubuntu/+source/openjdk-17"/>
    <property name="java.io.tmpdir" value="/tmp"/>
    <property name="java.version" value="17.0.15"/>
    <property name="user.dir" value="/mnt/c/Users/AGOUROU GUSTAVE/Downloads/Open Classroom/P9/medilabo/gateway-service"/>
    <property name="os.arch" value="amd64"/>
    <property name="java.vm.specification.name" value="Java Virtual Machine Specification"/>
    <property name="native.encoding" value="UTF-8"/>
    <property name="java.library.path" value="/usr/java/packages/lib:/usr/lib/x86_64-linux-gnu/jni:/lib/x86_64-linux-gnu:/usr/lib/x86_64-linux-gnu:/usr/lib/jni:/lib:/usr/lib"/>
    <property name="java.vm.info" value="mixed mode, sharing"/>
    <property name="java.vendor" value="Ubuntu"/>
    <property name="java.vm.version" value="17.0.15+6-Ubuntu-0ubuntu124.04"/>
    <property name="java.specification.maintenance.version" value="1"/>
    <property name="sun.io.unicode.encoding" value="UnicodeLittle"/>
    <property name="java.class.version" value="61.0"/>
  </properties>
  <testcase name="loginWithInvalidCredentialsShouldReturnUnauthorized" classname="com.oc_p9.gateway_service.controller.AuthControllerTest" time="13.248">
    <system-out><![CDATA[15:03:10.099 [main] INFO org.hibernate.validator.internal.util.Version -- HV000001: Hibernate Validator 8.0.2.Final
]]></system-out>
  </testcase>
  <testcase name="loginWithValidCredentialsShouldReturnTokenAndSetCookie" classname="com.oc_p9.gateway_service.controller.AuthControllerTest" time="1.253"/>
  <testcase name="logoutShouldReturnOkAndClearCookie" classname="com.oc_p9.gateway_service.controller.AuthControllerTest" time="0.262"/>
</testsuite>